<?xml version="1.0" encoding="UTF-8"?>
<!-- Generated by org.testng.reporters.JUnitReportReporter -->
<testsuite skipped="0" hostname="MAC2946" name="TestFile" tests="1" failures="0" timestamp="09 Mar 2020 20:17:47 GMT" time="0.006" errors="0">
  <testcase name="firstTest" time="0.006" classname="TestFile"/>
</testsuite> <!-- TestFile -->
